<?xml version="1.0" encoding="UTF-8"?>
<testng-results ignored="0" total="1" passed="1" failed="0" skipped="0">
  <reporter-output>
  </reporter-output>
  <suite started-at="2024-09-05T12:29:16 IST" name="Default suite" finished-at="2024-09-05T12:29:19 IST" duration-ms="3036">
    <groups>
    </groups>
    <test started-at="2024-09-05T12:29:16 IST" name="Default test" finished-at="2024-09-05T12:29:19 IST" duration-ms="3036">
      <class name="Day3.LoggingDemo">
        <test-method signature="testlogs()[pri:1, instance:Day3.LoggingDemo@663c9e7a]" started-at="2024-09-05T12:29:16 IST" name="testlogs" finished-at="2024-09-05T12:29:19 IST" duration-ms="2964" status="PASS">
          <reporter-output>
          </reporter-output>
        </test-method> <!-- testlogs -->
      </class> <!-- Day3.LoggingDemo -->
    </test> <!-- Default test -->
  </suite> <!-- Default suite -->
</testng-results>
